GAS LISTING /tmp/ccf1baJl.s 			page 1


   1              		.file	"kernel.cpp"
   2              		.option pic
   3              		.option norelax
   4              		.text
   5              	.Ltext0:
   6              	.Letext0:
   7              		.file 1 "src/../h/../lib/hw.h"
GAS LISTING /tmp/ccf1baJl.s 			page 2


DEFINED SYMBOLS
                            *ABS*:0000000000000000 kernel.cpp
     /tmp/ccf1baJl.s:130    .debug_abbrev:0000000000000000 .Ldebug_abbrev0
     /tmp/ccf1baJl.s:292    .debug_str:0000000000000102 .LASF17
     /tmp/ccf1baJl.s:286    .debug_str:00000000000000cd .LASF18
     /tmp/ccf1baJl.s:262    .debug_str:000000000000000d .LASF19
     /tmp/ccf1baJl.s:258    .debug_line:0000000000000000 .Ldebug_line0
     /tmp/ccf1baJl.s:260    .debug_str:0000000000000000 .LASF0
     /tmp/ccf1baJl.s:290    .debug_str:00000000000000ef .LASF1
     /tmp/ccf1baJl.s:280    .debug_str:0000000000000093 .LASF2
     /tmp/ccf1baJl.s:276    .debug_str:0000000000000080 .LASF4
     /tmp/ccf1baJl.s:272    .debug_str:000000000000005b .LASF3
     /tmp/ccf1baJl.s:268    .debug_str:0000000000000044 .LASF5
     /tmp/ccf1baJl.s:274    .debug_str:000000000000006d .LASF6
     /tmp/ccf1baJl.s:288    .debug_str:00000000000000dc .LASF7
     /tmp/ccf1baJl.s:296    .debug_str:00000000000001d5 .LASF8
     /tmp/ccf1baJl.s:264    .debug_str:0000000000000027 .LASF9
     /tmp/ccf1baJl.s:266    .debug_str:0000000000000035 .LASF10
     /tmp/ccf1baJl.s:294    .debug_str:00000000000001c6 .LASF11
     /tmp/ccf1baJl.s:270    .debug_str:000000000000004b .LASF12
     /tmp/ccf1baJl.s:298    .debug_str:00000000000001e5 .LASF13
     /tmp/ccf1baJl.s:278    .debug_str:0000000000000087 .LASF14
     /tmp/ccf1baJl.s:284    .debug_str:00000000000000b7 .LASF15
     /tmp/ccf1baJl.s:282    .debug_str:00000000000000a1 .LASF16
     /tmp/ccf1baJl.s:9      .debug_info:0000000000000000 .Ldebug_info0

NO UNDEFINED SYMBOLS
