GAS LISTING /tmp/cc3YLJzy.s 			page 1


   1              		.file	"scheduler.cpp"
   2              		.option pic
   3              		.option norelax
   4              		.text
   5              	.Ltext0:
   6              		.align	2
   8              	_Z41__static_initialization_and_destruction_0ii:
   9              	.LFB25:
  10              		.file 1 "src/scheduler.cpp"
   1:src/scheduler.cpp **** #include "../h/scheduler.hpp"
   2:src/scheduler.cpp **** 
   3:src/scheduler.cpp **** List<TCB> Scheduler::readyThreadQueue;
   4:src/scheduler.cpp **** 
   5:src/scheduler.cpp **** TCB *Scheduler::get()
   6:src/scheduler.cpp **** {
   7:src/scheduler.cpp ****     return readyThreadQueue.removeFirst();
   8:src/scheduler.cpp **** }
   9:src/scheduler.cpp **** 
  10:src/scheduler.cpp **** void Scheduler::put(TCB *ccb)
  11:src/scheduler.cpp **** {
  12:src/scheduler.cpp ****     readyThreadQueue.addLast(ccb);
  13:src/scheduler.cpp **** }...
  11              		.loc 1 13 1
  12              		.cfi_startproc
  13              	.LVL0:
  14 0000 130101FF 		addi	sp,sp,-16
  15              		.cfi_def_cfa_offset 16
  16 0004 23348100 		sd	s0,8(sp)
  17              		.cfi_offset 8, -8
  18 0008 13040101 		addi	s0,sp,16
  19              		.cfi_def_cfa 8, 0
  20              		.loc 1 13 1 is_stmt 0
  21 000c 93071000 		li	a5,1
  22 0010 6308F500 		beq	a0,a5,.L4
  23              	.L1:
  24 0014 03348100 		ld	s0,8(sp)
  25              		.cfi_remember_state
  26              		.cfi_restore 8
  27              		.cfi_def_cfa 2, 16
  28 0018 13010101 		addi	sp,sp,16
  29              		.cfi_def_cfa_offset 0
  30 001c 67800000 		jr	ra
  31              	.L4:
  32              		.cfi_restore_state
  33              		.loc 1 13 1 discriminator 1
  34 0020 B7070100 		li	a5,65536
  35 0024 9387F7FF 		addi	a5,a5,-1
  36 0028 E396F5FE 		bne	a1,a5,.L1
  37              	.LVL1:
  38              	.LBB12:
  39              	.LBB13:
  40              	.LBB14:
  41              		.file 2 "src/../h/list.hpp"
   1:src/../h/list.hpp **** #ifndef OS1_VEZBE07_RISCV_CONTEXT_SWITCH_2_INTERRUPT_LIST_HPP
   2:src/../h/list.hpp **** #define OS1_VEZBE07_RISCV_CONTEXT_SWITCH_2_INTERRUPT_LIST_HPP
   3:src/../h/list.hpp **** 
   4:src/../h/list.hpp **** #include "memory_allocator.hpp"
GAS LISTING /tmp/cc3YLJzy.s 			page 2


   5:src/../h/list.hpp **** template<typename T>
   6:src/../h/list.hpp **** class List
   7:src/../h/list.hpp **** {
   8:src/../h/list.hpp **** private:
   9:src/../h/list.hpp ****     struct Elem
  10:src/../h/list.hpp ****     {
  11:src/../h/list.hpp ****         T *data;
  12:src/../h/list.hpp ****         Elem *next;
  13:src/../h/list.hpp **** 
  14:src/../h/list.hpp ****         Elem(T *data, Elem *next) : data(data), next(next) {}
  15:src/../h/list.hpp **** 
  16:src/../h/list.hpp ****         void* operator new(size_t size) {
  17:src/../h/list.hpp ****             return MemoryAllocator::instance().kmem_alloc(size);
  18:src/../h/list.hpp ****         }
  19:src/../h/list.hpp ****         void* operator new[](size_t size) {
  20:src/../h/list.hpp ****             return MemoryAllocator::instance().kmem_alloc(size);
  21:src/../h/list.hpp ****         }
  22:src/../h/list.hpp ****         
  23:src/../h/list.hpp ****         void operator delete(void *ptr) {
  24:src/../h/list.hpp ****             MemoryAllocator::instance().kmem_free(ptr);
  25:src/../h/list.hpp ****         }
  26:src/../h/list.hpp ****         void operator delete[](void *ptr) {
  27:src/../h/list.hpp ****             MemoryAllocator::instance().kmem_free(ptr);
  28:src/../h/list.hpp ****         }
  29:src/../h/list.hpp ****     };
  30:src/../h/list.hpp **** 
  31:src/../h/list.hpp ****     Elem *head, *tail;
  32:src/../h/list.hpp ****     size_t size;
  33:src/../h/list.hpp **** 
  34:src/../h/list.hpp **** public:
  35:src/../h/list.hpp ****     List() : head(0), tail(0), size(0) {}
  42              		.loc 2 35 38
  43 002c 97070000 		lla	a5,.LANCHOR0
  43      93870700 
  44 0034 23B00700 		sd	zero,0(a5)
  45 0038 23B40700 		sd	zero,8(a5)
  46 003c 23B80700 		sd	zero,16(a5)
  47              	.LVL2:
  48              	.LBE14:
  49              	.LBE13:
  50              	.LBE12:
  51              		.loc 1 13 1
  52 0040 6FF05FFD 		j	.L1
  53              		.cfi_endproc
  54              	.LFE25:
  56              		.align	2
  57              		.globl	_ZN9Scheduler3getEv
  59              	_ZN9Scheduler3getEv:
  60              	.LFB13:
   6:src/scheduler.cpp **** {
  61              		.loc 1 6 1 is_stmt 1
  62              		.cfi_startproc
  63 0044 130101FE 		addi	sp,sp,-32
  64              		.cfi_def_cfa_offset 32
  65 0048 233C1100 		sd	ra,24(sp)
  66 004c 23388100 		sd	s0,16(sp)
  67 0050 23349100 		sd	s1,8(sp)
GAS LISTING /tmp/cc3YLJzy.s 			page 3


  68 0054 23302101 		sd	s2,0(sp)
  69              		.cfi_offset 1, -8
  70              		.cfi_offset 8, -16
  71              		.cfi_offset 9, -24
  72              		.cfi_offset 18, -32
  73 0058 13040102 		addi	s0,sp,32
  74              		.cfi_def_cfa 8, 0
   7:src/scheduler.cpp ****     return readyThreadQueue.removeFirst();
  75              		.loc 1 7 5
  76              	.LVL3:
  77              	.LBB19:
  78              	.LBB20:
  36:src/../h/list.hpp **** 
  37:src/../h/list.hpp ****     List(const List<T> &) = delete;
  38:src/../h/list.hpp **** 
  39:src/../h/list.hpp ****     List<T> &operator=(const List<T> &) = delete;
  40:src/../h/list.hpp **** 
  41:src/../h/list.hpp ****     void addFirst(T *data)
  42:src/../h/list.hpp ****     {
  43:src/../h/list.hpp ****         Elem *elem = new Elem(data, head);
  44:src/../h/list.hpp ****         head = elem;
  45:src/../h/list.hpp ****         if (!tail) { tail = head; }
  46:src/../h/list.hpp ****         size++;
  47:src/../h/list.hpp ****     }
  48:src/../h/list.hpp **** 
  49:src/../h/list.hpp ****     void addLast(T *data)
  50:src/../h/list.hpp ****     {
  51:src/../h/list.hpp ****         Elem *elem = new Elem(data, 0);
  52:src/../h/list.hpp ****         if (tail)
  53:src/../h/list.hpp ****         {
  54:src/../h/list.hpp ****             tail->next = elem;
  55:src/../h/list.hpp ****             tail = elem;
  56:src/../h/list.hpp ****         } else
  57:src/../h/list.hpp ****         {
  58:src/../h/list.hpp ****             head = tail = elem;
  59:src/../h/list.hpp ****         }
  60:src/../h/list.hpp ****         size++;
  61:src/../h/list.hpp ****     }
  62:src/../h/list.hpp **** 
  63:src/../h/list.hpp ****     T *removeFirst()
  64:src/../h/list.hpp ****     {
  65:src/../h/list.hpp ****         if (!head) { return 0; }
  79              		.loc 2 65 14 is_stmt 0
  80 005c 97040000 		ld	s1,.LANCHOR0
  80      83B40400 
  81              		.loc 2 65 9
  82 0064 63840406 		beqz	s1,.L8
  83              	.LVL4:
  66:src/../h/list.hpp **** 
  67:src/../h/list.hpp ****         Elem *elem = head;
  68:src/../h/list.hpp ****         head = head->next;
  84              		.loc 2 68 22
  85 0068 83B78400 		ld	a5,8(s1)
  86              		.loc 2 68 9
  87 006c 17070000 		sd	a5,.LANCHOR0,a4
  87      2330F700 
  69:src/../h/list.hpp ****         if (!head) { tail = 0; }
GAS LISTING /tmp/cc3YLJzy.s 			page 4


  88              		.loc 2 69 9
  89 0074 63860704 		beqz	a5,.L10
  90              	.L7:
  70:src/../h/list.hpp **** 
  71:src/../h/list.hpp ****         T *ret = elem->data;
  91              		.loc 2 71 12
  92 0078 03B90400 		ld	s2,0(s1)
  93              	.LVL5:
  94              	.LBB21:
  95              	.LBB22:
  24:src/../h/list.hpp ****         }
  96              		.loc 2 24 39
  97 007c 97000000 		call	_ZN15MemoryAllocator8instanceEv@plt
  97      E7800000 
  98              	.LVL6:
  24:src/../h/list.hpp ****         }
  99              		.loc 2 24 50
 100 0084 93850400 		mv	a1,s1
 101 0088 97000000 		call	_ZN15MemoryAllocator9kmem_freeEPv@plt
 101      E7800000 
 102              	.LVL7:
 103              	.LBE22:
 104              	.LBE21:
  72:src/../h/list.hpp ****         delete elem;
  73:src/../h/list.hpp ****         size--;
 105              		.loc 2 73 9
 106 0090 17070000 		lla	a4,.LANCHOR0
 106      13070700 
 107 0098 83370701 		ld	a5,16(a4)
 108 009c 9387F7FF 		addi	a5,a5,-1
 109 00a0 2338F700 		sd	a5,16(a4)
 110              	.LVL8:
 111              	.L5:
 112              	.LBE20:
 113              	.LBE19:
   8:src/scheduler.cpp **** }
 114              		.loc 1 8 1
 115 00a4 13050900 		mv	a0,s2
 116 00a8 83308101 		ld	ra,24(sp)
 117              		.cfi_remember_state
 118              		.cfi_restore 1
 119 00ac 03340101 		ld	s0,16(sp)
 120              		.cfi_restore 8
 121              		.cfi_def_cfa 2, 32
 122 00b0 83348100 		ld	s1,8(sp)
 123              		.cfi_restore 9
 124 00b4 03390100 		ld	s2,0(sp)
 125              		.cfi_restore 18
 126 00b8 13010102 		addi	sp,sp,32
 127              		.cfi_def_cfa_offset 0
 128 00bc 67800000 		jr	ra
 129              	.LVL9:
 130              	.L10:
 131              		.cfi_restore_state
 132              	.LBB24:
 133              	.LBB23:
  69:src/../h/list.hpp **** 
GAS LISTING /tmp/cc3YLJzy.s 			page 5


 134              		.loc 2 69 22
 135 00c0 97070000 		sd	zero,.LANCHOR0+8,a5
 135      23B00700 
 136 00c8 6FF01FFB 		j	.L7
 137              	.LVL10:
 138              	.L8:
  65:src/../h/list.hpp **** 
 139              		.loc 2 65 29
 140 00cc 13890400 		mv	s2,s1
 141              	.LVL11:
 142              	.LBE23:
 143              	.LBE24:
   7:src/scheduler.cpp ****     return readyThreadQueue.removeFirst();
 144              		.loc 1 7 41
 145 00d0 6FF05FFD 		j	.L5
 146              		.cfi_endproc
 147              	.LFE13:
 149              		.align	2
 150              		.globl	_ZN9Scheduler3putEP3TCB
 152              	_ZN9Scheduler3putEP3TCB:
 153              	.LFB14:
  11:src/scheduler.cpp **** {
 154              		.loc 1 11 1 is_stmt 1
 155              		.cfi_startproc
 156              	.LVL12:
 157 00d4 130101FE 		addi	sp,sp,-32
 158              		.cfi_def_cfa_offset 32
 159 00d8 233C1100 		sd	ra,24(sp)
 160 00dc 23388100 		sd	s0,16(sp)
 161 00e0 23349100 		sd	s1,8(sp)
 162              		.cfi_offset 1, -8
 163              		.cfi_offset 8, -16
 164              		.cfi_offset 9, -24
 165 00e4 13040102 		addi	s0,sp,32
 166              		.cfi_def_cfa 8, 0
 167 00e8 93040500 		mv	s1,a0
  12:src/scheduler.cpp ****     readyThreadQueue.addLast(ccb);
 168              		.loc 1 12 5
 169              	.LVL13:
 170              	.LBB32:
 171              	.LBB33:
 172              	.LBB34:
 173              	.LBB35:
  17:src/../h/list.hpp ****         }
 174              		.loc 2 17 46 is_stmt 0
 175 00ec 97000000 		call	_ZN15MemoryAllocator8instanceEv@plt
 175      E7800000 
 176              	.LVL14:
  17:src/../h/list.hpp ****         }
 177              		.loc 2 17 58
 178 00f4 93050001 		li	a1,16
 179 00f8 97000000 		call	_ZN15MemoryAllocator10kmem_allocEm@plt
 179      E7800000 
 180              	.LVL15:
 181              	.LBE35:
 182              	.LBE34:
 183              	.LBB36:
GAS LISTING /tmp/cc3YLJzy.s 			page 6


 184              	.LBB37:
  14:src/../h/list.hpp **** 
 185              		.loc 2 14 58
 186 0100 23309500 		sd	s1,0(a0)
 187 0104 23340500 		sd	zero,8(a0)
 188              	.LVL16:
 189              	.LBE37:
 190              	.LBE36:
  52:src/../h/list.hpp ****         {
 191              		.loc 2 52 13
 192 0108 97070000 		ld	a5,.LANCHOR0+8
 192      83B70700 
  52:src/../h/list.hpp ****         {
 193              		.loc 2 52 9
 194 0110 638C0702 		beqz	a5,.L12
  54:src/../h/list.hpp ****             tail = elem;
 195              		.loc 2 54 13
 196 0114 23B4A700 		sd	a0,8(a5)
  55:src/../h/list.hpp ****         } else
 197              		.loc 2 55 13
 198 0118 97070000 		sd	a0,.LANCHOR0+8,a5
 198      23B0A700 
 199              	.L13:
  60:src/../h/list.hpp ****     }
 200              		.loc 2 60 9
 201 0120 17070000 		lla	a4,.LANCHOR0
 201      13070700 
 202 0128 83370701 		ld	a5,16(a4)
 203 012c 93871700 		addi	a5,a5,1
 204 0130 2338F700 		sd	a5,16(a4)
 205              	.LVL17:
 206              	.LBE33:
 207              	.LBE32:
 208              		.loc 1 13 1
 209 0134 83308101 		ld	ra,24(sp)
 210              		.cfi_remember_state
 211              		.cfi_restore 1
 212 0138 03340101 		ld	s0,16(sp)
 213              		.cfi_restore 8
 214              		.cfi_def_cfa 2, 32
 215 013c 83348100 		ld	s1,8(sp)
 216              		.cfi_restore 9
 217              	.LVL18:
 218 0140 13010102 		addi	sp,sp,32
 219              		.cfi_def_cfa_offset 0
 220 0144 67800000 		jr	ra
 221              	.LVL19:
 222              	.L12:
 223              		.cfi_restore_state
 224              	.LBB39:
 225              	.LBB38:
  58:src/../h/list.hpp ****         }
 226              		.loc 2 58 13
 227 0148 97070000 		lla	a5,.LANCHOR0
 227      93870700 
 228 0150 23B4A700 		sd	a0,8(a5)
 229 0154 23B0A700 		sd	a0,0(a5)
GAS LISTING /tmp/cc3YLJzy.s 			page 7


 230 0158 6FF09FFC 		j	.L13
 231              	.LBE38:
 232              	.LBE39:
 233              		.cfi_endproc
 234              	.LFE14:
 236              		.align	2
 238              	_GLOBAL__sub_I__ZN9Scheduler16readyThreadQueueE:
 239              	.LFB26:
 240              		.loc 1 13 1 is_stmt 1
 241              		.cfi_startproc
 242 015c 130101FF 		addi	sp,sp,-16
 243              		.cfi_def_cfa_offset 16
 244 0160 23341100 		sd	ra,8(sp)
 245 0164 23308100 		sd	s0,0(sp)
 246              		.cfi_offset 1, -8
 247              		.cfi_offset 8, -16
 248 0168 13040101 		addi	s0,sp,16
 249              		.cfi_def_cfa 8, 0
 250              		.loc 1 13 1 is_stmt 0
 251 016c B7050100 		li	a1,65536
 252 0170 9385F5FF 		addi	a1,a1,-1
 253 0174 13051000 		li	a0,1
 254 0178 97000000 		call	_Z41__static_initialization_and_destruction_0ii
 254      E7800000 
 255              	.LVL20:
 256 0180 83308100 		ld	ra,8(sp)
 257              		.cfi_restore 1
 258 0184 03340100 		ld	s0,0(sp)
 259              		.cfi_restore 8
 260              		.cfi_def_cfa 2, 16
 261 0188 13010101 		addi	sp,sp,16
 262              		.cfi_def_cfa_offset 0
 263 018c 67800000 		jr	ra
 264              		.cfi_endproc
 265              	.LFE26:
 267              		.section	.init_array,"aw"
 268              		.align	3
 269 0000 00000000 		.dword	_GLOBAL__sub_I__ZN9Scheduler16readyThreadQueueE
 269      00000000 
 270              		.globl	_ZN9Scheduler16readyThreadQueueE
 271              		.bss
 272              		.align	3
 273              		.set	.LANCHOR0,. + 0
 276              	_ZN9Scheduler16readyThreadQueueE:
 277 0000 00000000 		.zero	24
 277      00000000 
 277      00000000 
 277      00000000 
 277      00000000 
 278              		.text
 279              	.Letext0:
 280              		.file 3 "src/../h/../lib/hw.h"
 281              		.file 4 "src/../h/memory_allocator.hpp"
 282              		.file 5 "src/../h/scheduler.hpp"
GAS LISTING /tmp/cc3YLJzy.s 			page 8


DEFINED SYMBOLS
                            *ABS*:0000000000000000 scheduler.cpp
     /tmp/cc3YLJzy.s:8      .text:0000000000000000 _Z41__static_initialization_and_destruction_0ii
     /tmp/cc3YLJzy.s:12     .text:0000000000000000 .L0 
     /tmp/cc3YLJzy.s:14     .text:0000000000000000 .L0 
     /tmp/cc3YLJzy.s:15     .text:0000000000000004 .L0 
     /tmp/cc3YLJzy.s:17     .text:0000000000000008 .L0 
     /tmp/cc3YLJzy.s:19     .text:000000000000000c .L0 
     /tmp/cc3YLJzy.s:21     .text:000000000000000c .L0 
     /tmp/cc3YLJzy.s:25     .text:0000000000000018 .L0 
     /tmp/cc3YLJzy.s:26     .text:0000000000000018 .L0 
     /tmp/cc3YLJzy.s:27     .text:0000000000000018 .L0 
     /tmp/cc3YLJzy.s:29     .text:000000000000001c .L0 
     /tmp/cc3YLJzy.s:32     .text:0000000000000020 .L0 
     /tmp/cc3YLJzy.s:34     .text:0000000000000020 .L0 
     /tmp/cc3YLJzy.s:43     .text:000000000000002c .L0 
     /tmp/cc3YLJzy.s:52     .text:0000000000000040 .L0 
     /tmp/cc3YLJzy.s:53     .text:0000000000000044 .L0 
     /tmp/cc3YLJzy.s:59     .text:0000000000000044 _ZN9Scheduler3getEv
     /tmp/cc3YLJzy.s:62     .text:0000000000000044 .L0 
     /tmp/cc3YLJzy.s:63     .text:0000000000000044 .L0 
     /tmp/cc3YLJzy.s:64     .text:0000000000000048 .L0 
     /tmp/cc3YLJzy.s:69     .text:0000000000000058 .L0 
     /tmp/cc3YLJzy.s:70     .text:0000000000000058 .L0 
     /tmp/cc3YLJzy.s:71     .text:0000000000000058 .L0 
     /tmp/cc3YLJzy.s:72     .text:0000000000000058 .L0 
     /tmp/cc3YLJzy.s:74     .text:000000000000005c .L0 
     /tmp/cc3YLJzy.s:79     .text:000000000000005c .L0 
     /tmp/cc3YLJzy.s:80     .text:000000000000005c .L0 
     /tmp/cc3YLJzy.s:82     .text:0000000000000064 .L0 
     /tmp/cc3YLJzy.s:85     .text:0000000000000068 .L0 
     /tmp/cc3YLJzy.s:87     .text:000000000000006c .L0 
     /tmp/cc3YLJzy.s:89     .text:0000000000000074 .L0 
     /tmp/cc3YLJzy.s:92     .text:0000000000000078 .L0 
     /tmp/cc3YLJzy.s:97     .text:000000000000007c .L0 
     /tmp/cc3YLJzy.s:100    .text:0000000000000084 .L0 
     /tmp/cc3YLJzy.s:106    .text:0000000000000090 .L0 
     /tmp/cc3YLJzy.s:115    .text:00000000000000a4 .L0 
     /tmp/cc3YLJzy.s:117    .text:00000000000000ac .L0 
     /tmp/cc3YLJzy.s:118    .text:00000000000000ac .L0 
     /tmp/cc3YLJzy.s:120    .text:00000000000000b0 .L0 
     /tmp/cc3YLJzy.s:121    .text:00000000000000b0 .L0 
     /tmp/cc3YLJzy.s:123    .text:00000000000000b4 .L0 
     /tmp/cc3YLJzy.s:125    .text:00000000000000b8 .L0 
     /tmp/cc3YLJzy.s:127    .text:00000000000000bc .L0 
     /tmp/cc3YLJzy.s:131    .text:00000000000000c0 .L0 
     /tmp/cc3YLJzy.s:135    .text:00000000000000c0 .L0 
     /tmp/cc3YLJzy.s:140    .text:00000000000000cc .L0 
     /tmp/cc3YLJzy.s:145    .text:00000000000000d0 .L0 
     /tmp/cc3YLJzy.s:146    .text:00000000000000d4 .L0 
     /tmp/cc3YLJzy.s:152    .text:00000000000000d4 _ZN9Scheduler3putEP3TCB
     /tmp/cc3YLJzy.s:155    .text:00000000000000d4 .L0 
     /tmp/cc3YLJzy.s:157    .text:00000000000000d4 .L0 
     /tmp/cc3YLJzy.s:158    .text:00000000000000d8 .L0 
     /tmp/cc3YLJzy.s:162    .text:00000000000000e4 .L0 
     /tmp/cc3YLJzy.s:163    .text:00000000000000e4 .L0 
     /tmp/cc3YLJzy.s:164    .text:00000000000000e4 .L0 
GAS LISTING /tmp/cc3YLJzy.s 			page 9


     /tmp/cc3YLJzy.s:166    .text:00000000000000e8 .L0 
     /tmp/cc3YLJzy.s:174    .text:00000000000000ec .L0 
     /tmp/cc3YLJzy.s:175    .text:00000000000000ec .L0 
     /tmp/cc3YLJzy.s:178    .text:00000000000000f4 .L0 
     /tmp/cc3YLJzy.s:186    .text:0000000000000100 .L0 
     /tmp/cc3YLJzy.s:192    .text:0000000000000108 .L0 
     /tmp/cc3YLJzy.s:194    .text:0000000000000110 .L0 
     /tmp/cc3YLJzy.s:196    .text:0000000000000114 .L0 
     /tmp/cc3YLJzy.s:198    .text:0000000000000118 .L0 
     /tmp/cc3YLJzy.s:201    .text:0000000000000120 .L0 
     /tmp/cc3YLJzy.s:209    .text:0000000000000134 .L0 
     /tmp/cc3YLJzy.s:210    .text:0000000000000138 .L0 
     /tmp/cc3YLJzy.s:211    .text:0000000000000138 .L0 
     /tmp/cc3YLJzy.s:213    .text:000000000000013c .L0 
     /tmp/cc3YLJzy.s:214    .text:000000000000013c .L0 
     /tmp/cc3YLJzy.s:216    .text:0000000000000140 .L0 
     /tmp/cc3YLJzy.s:219    .text:0000000000000144 .L0 
     /tmp/cc3YLJzy.s:223    .text:0000000000000148 .L0 
     /tmp/cc3YLJzy.s:227    .text:0000000000000148 .L0 
     /tmp/cc3YLJzy.s:233    .text:000000000000015c .L0 
     /tmp/cc3YLJzy.s:238    .text:000000000000015c _GLOBAL__sub_I__ZN9Scheduler16readyThreadQueueE
     /tmp/cc3YLJzy.s:241    .text:000000000000015c .L0 
     /tmp/cc3YLJzy.s:242    .text:000000000000015c .L0 
     /tmp/cc3YLJzy.s:243    .text:0000000000000160 .L0 
     /tmp/cc3YLJzy.s:246    .text:0000000000000168 .L0 
     /tmp/cc3YLJzy.s:247    .text:0000000000000168 .L0 
     /tmp/cc3YLJzy.s:249    .text:000000000000016c .L0 
     /tmp/cc3YLJzy.s:251    .text:000000000000016c .L0 
     /tmp/cc3YLJzy.s:257    .text:0000000000000184 .L0 
     /tmp/cc3YLJzy.s:259    .text:0000000000000188 .L0 
     /tmp/cc3YLJzy.s:260    .text:0000000000000188 .L0 
     /tmp/cc3YLJzy.s:262    .text:000000000000018c .L0 
     /tmp/cc3YLJzy.s:264    .text:0000000000000190 .L0 
     /tmp/cc3YLJzy.s:276    .bss:0000000000000000 _ZN9Scheduler16readyThreadQueueE
     /tmp/cc3YLJzy.s:273    .bss:0000000000000000 .LANCHOR0
     /tmp/cc3YLJzy.s:283    .text:0000000000000190 .L0 
     /tmp/cc3YLJzy.s:43     .text:000000000000002c .L0 
     /tmp/cc3YLJzy.s:80     .text:000000000000005c .L0 
     /tmp/cc3YLJzy.s:87     .text:000000000000006c .L0 
     /tmp/cc3YLJzy.s:106    .text:0000000000000090 .L0 
     /tmp/cc3YLJzy.s:135    .text:00000000000000c0 .L0 
     /tmp/cc3YLJzy.s:192    .text:0000000000000108 .L0 
     /tmp/cc3YLJzy.s:198    .text:0000000000000118 .L0 
     /tmp/cc3YLJzy.s:201    .text:0000000000000120 .L0 
     /tmp/cc3YLJzy.s:227    .text:0000000000000148 .L0 
     /tmp/cc3YLJzy.s:31     .text:0000000000000020 .L4
     /tmp/cc3YLJzy.s:23     .text:0000000000000014 .L1
     /tmp/cc3YLJzy.s:138    .text:00000000000000cc .L8
     /tmp/cc3YLJzy.s:130    .text:00000000000000c0 .L10
     /tmp/cc3YLJzy.s:90     .text:0000000000000078 .L7
     /tmp/cc3YLJzy.s:111    .text:00000000000000a4 .L5
     /tmp/cc3YLJzy.s:222    .text:0000000000000148 .L12
     /tmp/cc3YLJzy.s:199    .text:0000000000000120 .L13
     /tmp/cc3YLJzy.s:1234   .debug_abbrev:0000000000000000 .Ldebug_abbrev0
     /tmp/cc3YLJzy.s:2513   .debug_str:0000000000000532 .LASF78
     /tmp/cc3YLJzy.s:2541   .debug_str:00000000000006c1 .LASF79
     /tmp/cc3YLJzy.s:2423   .debug_str:0000000000000270 .LASF80
GAS LISTING /tmp/cc3YLJzy.s 			page 10


     /tmp/cc3YLJzy.s:5      .text:0000000000000000 .Ltext0
     /tmp/cc3YLJzy.s:279    .text:0000000000000190 .Letext0
     /tmp/cc3YLJzy.s:2363   .debug_line:0000000000000000 .Ldebug_line0
     /tmp/cc3YLJzy.s:2473   .debug_str:00000000000003f2 .LASF0
     /tmp/cc3YLJzy.s:2481   .debug_str:0000000000000434 .LASF1
     /tmp/cc3YLJzy.s:2461   .debug_str:000000000000039b .LASF2
     /tmp/cc3YLJzy.s:2501   .debug_str:00000000000004e8 .LASF3
     /tmp/cc3YLJzy.s:2435   .debug_str:00000000000002d4 .LASF4
     /tmp/cc3YLJzy.s:2503   .debug_str:00000000000004ef .LASF5
     /tmp/cc3YLJzy.s:2377   .debug_str:0000000000000093 .LASF6
     /tmp/cc3YLJzy.s:2483   .debug_str:0000000000000447 .LASF7
     /tmp/cc3YLJzy.s:2471   .debug_str:00000000000003df .LASF8
     /tmp/cc3YLJzy.s:2529   .debug_str:0000000000000676 .LASF9
     /tmp/cc3YLJzy.s:2425   .debug_str:000000000000028c .LASF10
     /tmp/cc3YLJzy.s:2487   .debug_str:0000000000000464 .LASF11
     /tmp/cc3YLJzy.s:2519   .debug_str:0000000000000622 .LASF12
     /tmp/cc3YLJzy.s:2379   .debug_str:000000000000009a .LASF13
     /tmp/cc3YLJzy.s:2369   .debug_str:000000000000003f .LASF14
     /tmp/cc3YLJzy.s:2389   .debug_str:000000000000010c .LASF15
     /tmp/cc3YLJzy.s:2499   .debug_str:00000000000004d2 .LASF16
     /tmp/cc3YLJzy.s:2397   .debug_str:000000000000017b .LASF17
     /tmp/cc3YLJzy.s:2457   .debug_str:0000000000000382 .LASF27
     /tmp/cc3YLJzy.s:2441   .debug_str:00000000000002fd .LASF43
     /tmp/cc3YLJzy.s:2533   .debug_str:0000000000000690 .LASF18
     /tmp/cc3YLJzy.s:2509   .debug_str:0000000000000524 .LASF19
     /tmp/cc3YLJzy.s:2539   .debug_str:00000000000006bc .LASF20
     /tmp/cc3YLJzy.s:2543   .debug_str:00000000000006d3 .LASF21
     /tmp/cc3YLJzy.s:2415   .debug_str:0000000000000245 .LASF22
     /tmp/cc3YLJzy.s:2479   .debug_str:000000000000042b .LASF41
     /tmp/cc3YLJzy.s:2517   .debug_str:0000000000000602 .LASF81
     /tmp/cc3YLJzy.s:2525   .debug_str:000000000000064f .LASF23
     /tmp/cc3YLJzy.s:2497   .debug_str:00000000000004af .LASF25
     /tmp/cc3YLJzy.s:2531   .debug_str:0000000000000686 .LASF24
     /tmp/cc3YLJzy.s:2373   .debug_str:0000000000000054 .LASF26
     /tmp/cc3YLJzy.s:2409   .debug_str:0000000000000205 .LASF29
     /tmp/cc3YLJzy.s:2385   .debug_str:00000000000000e3 .LASF28
     /tmp/cc3YLJzy.s:2537   .debug_str:00000000000006a3 .LASF30
     /tmp/cc3YLJzy.s:2527   .debug_str:000000000000065a .LASF31
     /tmp/cc3YLJzy.s:2469   .debug_str:00000000000003d5 .LASF32
     /tmp/cc3YLJzy.s:2447   .debug_str:000000000000033e .LASF33
     /tmp/cc3YLJzy.s:2413   .debug_str:000000000000023b .LASF34
     /tmp/cc3YLJzy.s:2367   .debug_str:000000000000001e .LASF36
     /tmp/cc3YLJzy.s:2459   .debug_str:0000000000000392 .LASF35
     /tmp/cc3YLJzy.s:2395   .debug_str:000000000000014a .LASF37
     /tmp/cc3YLJzy.s:2403   .debug_str:00000000000001b4 .LASF38
     /tmp/cc3YLJzy.s:2455   .debug_str:000000000000037c .LASF82
     /tmp/cc3YLJzy.s:2417   .debug_str:000000000000024a .LASF39
     /tmp/cc3YLJzy.s:2485   .debug_str:000000000000045a .LASF40
     /tmp/cc3YLJzy.s:2419   .debug_str:000000000000024f .LASF83
     /tmp/cc3YLJzy.s:2431   .debug_str:00000000000002bb .LASF84
     /tmp/cc3YLJzy.s:2387   .debug_str:00000000000000f4 .LASF85
     /tmp/cc3YLJzy.s:2453   .debug_str:0000000000000372 .LASF42
     /tmp/cc3YLJzy.s:2521   .debug_str:0000000000000631 .LASF44
     /tmp/cc3YLJzy.s:2493   .debug_str:00000000000004a2 .LASF45
     /tmp/cc3YLJzy.s:2467   .debug_str:00000000000003b6 .LASF46
     /tmp/cc3YLJzy.s:2535   .debug_str:0000000000000696 .LASF47
     /tmp/cc3YLJzy.s:2399   .debug_str:0000000000000191 .LASF48
GAS LISTING /tmp/cc3YLJzy.s 			page 11


     /tmp/cc3YLJzy.s:2421   .debug_str:0000000000000260 .LASF49
     /tmp/cc3YLJzy.s:2381   .debug_str:00000000000000aa .LASF50
     /tmp/cc3YLJzy.s:2505   .debug_str:0000000000000501 .LASF51
     /tmp/cc3YLJzy.s:2523   .debug_str:0000000000000636 .LASF86
     /tmp/cc3YLJzy.s:2507   .debug_str:0000000000000511 .LASF87
     /tmp/cc3YLJzy.s:2545   .debug_str:00000000000006d8 .LASF88
     /tmp/cc3YLJzy.s:2465   .debug_str:00000000000003b1 .LASF52
     /tmp/cc3YLJzy.s:2433   .debug_str:00000000000002cf .LASF53
     /tmp/cc3YLJzy.s:2477   .debug_str:0000000000000418 .LASF54
     /tmp/cc3YLJzy.s:2437   .debug_str:00000000000002db .LASF55
     /tmp/cc3YLJzy.s:2429   .debug_str:00000000000002a4 .LASF89
     /tmp/cc3YLJzy.s:2511   .debug_str:0000000000000529 .LASF56
     /tmp/cc3YLJzy.s:2411   .debug_str:000000000000021e .LASF57
     /tmp/cc3YLJzy.s:2463   .debug_str:00000000000003a9 .LASF58
     /tmp/cc3YLJzy.s:2407   .debug_str:00000000000001e9 .LASF59
     /tmp/cc3YLJzy.s:2515   .debug_str:00000000000005f6 .LASF60
     /tmp/cc3YLJzy.s:2365   .debug_str:0000000000000000 .LASF61
     /tmp/cc3YLJzy.s:2427   .debug_str:000000000000029a .LASF62
     /tmp/cc3YLJzy.s:2445   .debug_str:0000000000000323 .LASF63
     /tmp/cc3YLJzy.s:2401   .debug_str:00000000000001a9 .LASF64
     /tmp/cc3YLJzy.s:2375   .debug_str:0000000000000076 .LASF65
     /tmp/cc3YLJzy.s:2449   .debug_str:000000000000035a .LASF66
     /tmp/cc3YLJzy.s:2443   .debug_str:0000000000000309 .LASF67
     /tmp/cc3YLJzy.s:2495   .debug_str:00000000000004a7 .LASF68
     /tmp/cc3YLJzy.s:2475   .debug_str:00000000000003ff .LASF69
     /tmp/cc3YLJzy.s:2383   .debug_str:00000000000000c2 .LASF90
     /tmp/cc3YLJzy.s:2405   .debug_str:00000000000001b9 .LASF70
     /tmp/cc3YLJzy.s:239    .text:000000000000015c .LFB26
     /tmp/cc3YLJzy.s:265    .text:0000000000000190 .LFE26
     /tmp/cc3YLJzy.s:255    .text:0000000000000180 .LVL20
     /tmp/cc3YLJzy.s:2489   .debug_str:0000000000000473 .LASF71
     /tmp/cc3YLJzy.s:9      .text:0000000000000000 .LFB25
     /tmp/cc3YLJzy.s:54     .text:0000000000000044 .LFE25
     /tmp/cc3YLJzy.s:2451   .debug_str:0000000000000363 .LASF72
     /tmp/cc3YLJzy.s:2439   .debug_str:00000000000002f2 .LASF73
     /tmp/cc3YLJzy.s:38     .text:000000000000002c .LBB12
     /tmp/cc3YLJzy.s:50     .text:0000000000000040 .LBE12
     /tmp/cc3YLJzy.s:2205   .debug_loc:0000000000000000 .LLST0
     /tmp/cc3YLJzy.s:2491   .debug_str:000000000000049d .LASF74
     /tmp/cc3YLJzy.s:2393   .debug_str:000000000000012b .LASF76
     /tmp/cc3YLJzy.s:2371   .debug_str:000000000000004f .LASF75
     /tmp/cc3YLJzy.s:2391   .debug_str:0000000000000118 .LASF77
     /tmp/cc3YLJzy.s:153    .text:00000000000000d4 .LFB14
     /tmp/cc3YLJzy.s:234    .text:000000000000015c .LFE14
     /tmp/cc3YLJzy.s:2214   .debug_loc:000000000000002c .LLST5
     /tmp/cc3YLJzy.s:170    .text:00000000000000ec .LBB32
     /tmp/cc3YLJzy.s:2349   .debug_ranges:0000000000000000 .Ldebug_ranges0
     /tmp/cc3YLJzy.s:2236   .debug_loc:000000000000008b .LLST6
     /tmp/cc3YLJzy.s:2251   .debug_loc:00000000000000d4 .LLST7
     /tmp/cc3YLJzy.s:172    .text:00000000000000ec .LBB34
     /tmp/cc3YLJzy.s:182    .text:0000000000000100 .LBE34
     /tmp/cc3YLJzy.s:2266   .debug_loc:000000000000011c .LLST8
     /tmp/cc3YLJzy.s:176    .text:00000000000000f4 .LVL14
     /tmp/cc3YLJzy.s:180    .text:0000000000000100 .LVL15
     /tmp/cc3YLJzy.s:183    .text:0000000000000100 .LBB36
     /tmp/cc3YLJzy.s:190    .text:0000000000000108 .LBE36
     /tmp/cc3YLJzy.s:2274   .debug_loc:0000000000000140 .LLST9
GAS LISTING /tmp/cc3YLJzy.s 			page 12


     /tmp/cc3YLJzy.s:2282   .debug_loc:0000000000000164 .LLST10
     /tmp/cc3YLJzy.s:2289   .debug_loc:0000000000000187 .LLST11
     /tmp/cc3YLJzy.s:60     .text:0000000000000044 .LFB13
     /tmp/cc3YLJzy.s:147    .text:00000000000000d4 .LFE13
     /tmp/cc3YLJzy.s:77     .text:000000000000005c .LBB19
     /tmp/cc3YLJzy.s:2296   .debug_loc:00000000000001aa .LLST1
     /tmp/cc3YLJzy.s:2311   .debug_loc:00000000000001f2 .LLST2
     /tmp/cc3YLJzy.s:2322   .debug_loc:0000000000000228 .LLST3
     /tmp/cc3YLJzy.s:94     .text:000000000000007c .LBB21
     /tmp/cc3YLJzy.s:104    .text:0000000000000090 .LBE21
     /tmp/cc3YLJzy.s:2329   .debug_loc:000000000000024b .LLST4
     /tmp/cc3YLJzy.s:98     .text:0000000000000084 .LVL6
     /tmp/cc3YLJzy.s:102    .text:0000000000000090 .LVL7
     /tmp/cc3YLJzy.s:37     .text:000000000000002c .LVL1
     /tmp/cc3YLJzy.s:47     .text:0000000000000040 .LVL2
     /tmp/cc3YLJzy.s:156    .text:00000000000000d4 .LVL12
     /tmp/cc3YLJzy.s:217    .text:0000000000000140 .LVL18
     /tmp/cc3YLJzy.s:221    .text:0000000000000148 .LVL19
     /tmp/cc3YLJzy.s:169    .text:00000000000000ec .LVL13
     /tmp/cc3YLJzy.s:205    .text:0000000000000134 .LVL17
     /tmp/cc3YLJzy.s:188    .text:0000000000000108 .LVL16
     /tmp/cc3YLJzy.s:76     .text:000000000000005c .LVL3
     /tmp/cc3YLJzy.s:110    .text:00000000000000a4 .LVL8
     /tmp/cc3YLJzy.s:129    .text:00000000000000c0 .LVL9
     /tmp/cc3YLJzy.s:141    .text:00000000000000d0 .LVL11
     /tmp/cc3YLJzy.s:83     .text:0000000000000068 .LVL4
     /tmp/cc3YLJzy.s:137    .text:00000000000000cc .LVL10
     /tmp/cc3YLJzy.s:93     .text:000000000000007c .LVL5
     /tmp/cc3YLJzy.s:284    .debug_info:0000000000000000 .Ldebug_info0
     /tmp/cc3YLJzy.s:113    .text:00000000000000a4 .LBE19
     /tmp/cc3YLJzy.s:132    .text:00000000000000c0 .LBB24
     /tmp/cc3YLJzy.s:143    .text:00000000000000d0 .LBE24
     /tmp/cc3YLJzy.s:207    .text:0000000000000134 .LBE32
     /tmp/cc3YLJzy.s:224    .text:0000000000000148 .LBB39
     /tmp/cc3YLJzy.s:232    .text:000000000000015c .LBE39

UNDEFINED SYMBOLS
_ZN15MemoryAllocator8instanceEv
_ZN15MemoryAllocator9kmem_freeEPv
_ZN15MemoryAllocator10kmem_allocEm
