GAS LISTING /tmp/ccBWhhPf.s 			page 1


   1              		.file	"tcb.cpp"
   2              		.option pic
   3              		.option norelax
   4              		.text
   5              	.Ltext0:
   6              		.align	2
   7              		.globl	_ZN3TCB12createThreadEPFvvE
   9              	_ZN3TCB12createThreadEPFvvE:
  10              	.LFB35:
  11              		.file 1 "src/tcb.cpp"
   1:src/tcb.cpp   **** //
   2:src/tcb.cpp   **** // Created by marko on 20.4.22..
   3:src/tcb.cpp   **** //
   4:src/tcb.cpp   **** 
   5:src/tcb.cpp   **** #include "../h/tcb.hpp"
   6:src/tcb.cpp   **** #include "../h/kernel.hpp"
   7:src/tcb.cpp   **** 
   8:src/tcb.cpp   **** TCB *TCB::running = nullptr;
   9:src/tcb.cpp   **** 
  10:src/tcb.cpp   **** uint64 TCB::timeSliceCounter = 0;
  11:src/tcb.cpp   **** 
  12:src/tcb.cpp   **** TCB *TCB::createThread(Body body)
  13:src/tcb.cpp   **** {
  12              		.loc 1 13 1
  13              		.cfi_startproc
  14              		.cfi_personality 0x9b,DW.ref.__gxx_personality_v0
  15              		.cfi_lsda 0x1b,.LLSDA35
  16              	.LVL0:
  17 0000 130101FE 		addi	sp,sp,-32
  18              		.cfi_def_cfa_offset 32
  19 0004 233C1100 		sd	ra,24(sp)
  20 0008 23388100 		sd	s0,16(sp)
  21 000c 23349100 		sd	s1,8(sp)
  22 0010 23302101 		sd	s2,0(sp)
  23              		.cfi_offset 1, -8
  24              		.cfi_offset 8, -16
  25              		.cfi_offset 9, -24
  26              		.cfi_offset 18, -32
  27 0014 13040102 		addi	s0,sp,32
  28              		.cfi_def_cfa 8, 0
  29 0018 13090500 		mv	s2,a0
  14:src/tcb.cpp   ****     return new TCB(body, TIME_SLICE);
  30              		.loc 1 14 5
  31              		.loc 1 14 36 is_stmt 0
  32 001c 13050003 		li	a0,48
  33              	.LVL1:
  34              	.LEHB0:
  35 0020 97000000 		call	_Znwm@plt
  35      E7800000 
  36              	.LVL2:
  37              	.LEHE0:
  38 0028 93040500 		mv	s1,a0
  39              	.LVL3:
  40              	.LBB15:
  41              	.LBB16:
  42              		.file 2 "src/../h/tcb.hpp"
   1:src/../h/tcb.hpp **** #ifndef OS1_VEZBE07_RISCV_CONTEXT_SWITCH_2_INTERRUPT_TCB_HPP
GAS LISTING /tmp/ccBWhhPf.s 			page 2


   2:src/../h/tcb.hpp **** #define OS1_VEZBE07_RISCV_CONTEXT_SWITCH_2_INTERRUPT_TCB_HPP
   3:src/../h/tcb.hpp **** 
   4:src/../h/tcb.hpp **** #include "../lib/hw.h"
   5:src/../h/tcb.hpp **** #include "scheduler.hpp"
   6:src/../h/tcb.hpp **** 
   7:src/../h/tcb.hpp **** // Thread Control Block
   8:src/../h/tcb.hpp **** class TCB
   9:src/../h/tcb.hpp **** {
  10:src/../h/tcb.hpp **** public:
  11:src/../h/tcb.hpp ****     ~TCB() { delete[] stack; }
  12:src/../h/tcb.hpp **** 
  13:src/../h/tcb.hpp ****     bool isFinished() const { return finished; }
  14:src/../h/tcb.hpp **** 
  15:src/../h/tcb.hpp ****     void setFinished(bool value) { finished = value; }
  16:src/../h/tcb.hpp **** 
  17:src/../h/tcb.hpp ****     uint64 getTimeSlice() const { return timeSlice; }
  18:src/../h/tcb.hpp **** 
  19:src/../h/tcb.hpp ****     using Body = void (*)();
  20:src/../h/tcb.hpp **** 
  21:src/../h/tcb.hpp ****     static TCB *createThread(Body body);
  22:src/../h/tcb.hpp **** 
  23:src/../h/tcb.hpp ****     static void yield();
  24:src/../h/tcb.hpp **** 
  25:src/../h/tcb.hpp ****     static TCB *running;
  26:src/../h/tcb.hpp **** 
  27:src/../h/tcb.hpp **** private:
  28:src/../h/tcb.hpp ****     TCB(Body body, uint64 timeSlice) :
  29:src/../h/tcb.hpp ****             body(body),
  30:src/../h/tcb.hpp ****             stack(body != nullptr ? new uint64[STACK_SIZE] : nullptr),
  31:src/../h/tcb.hpp ****             context({(uint64) &threadWrapper,
  32:src/../h/tcb.hpp ****                      stack != nullptr ? (uint64) &stack[STACK_SIZE] : 0
  33:src/../h/tcb.hpp ****                     }),
  34:src/../h/tcb.hpp ****             timeSlice(timeSlice),
  35:src/../h/tcb.hpp ****             finished(false)
  43              		.loc 2 35 27
  44 002c 23302501 		sd	s2,0(a0)
  30:src/../h/tcb.hpp ****             context({(uint64) &threadWrapper,
  45              		.loc 2 30 35
  46 0030 630A0900 		beqz	s2,.L6
  30:src/../h/tcb.hpp ****             context({(uint64) &threadWrapper,
  47              		.loc 2 30 58
  48 0034 37250000 		li	a0,8192
  49              	.LEHB1:
  50 0038 97000000 		call	_Znam@plt
  50      E7800000 
  51              	.LVL4:
  52 0040 6F008000 		j	.L2
  53              	.L6:
  30:src/../h/tcb.hpp ****             context({(uint64) &threadWrapper,
  54              		.loc 2 30 35
  55 0044 13050000 		li	a0,0
  56              	.L2:
  57              		.loc 2 35 27
  58 0048 23B4A400 		sd	a0,8(s1)
  59 004c 97070000 		lla	a5,_ZN3TCB13threadWrapperEv
  59      93870700 
  60 0054 23B8F400 		sd	a5,16(s1)
GAS LISTING /tmp/ccBWhhPf.s 			page 3


  32:src/../h/tcb.hpp ****                     }),
  61              		.loc 2 32 39
  62 0058 63080502 		beqz	a0,.L7
  32:src/../h/tcb.hpp ****                     }),
  63              		.loc 2 32 50
  64 005c B7270000 		li	a5,8192
  65 0060 B307F500 		add	a5,a0,a5
  66              	.L3:
  67              		.loc 2 35 27
  68 0064 23BCF400 		sd	a5,24(s1)
  69 0068 93072000 		li	a5,2
  70 006c 23B0F402 		sd	a5,32(s1)
  71 0070 23840402 		sb	zero,40(s1)
  36:src/../h/tcb.hpp ****     {
  37:src/../h/tcb.hpp ****         if (body != nullptr) { Scheduler::put(this); }
  72              		.loc 2 37 9 is_stmt 1
  73 0074 630C0902 		beqz	s2,.L1
  74              		.loc 2 37 32
  75              		.loc 2 37 46 is_stmt 0
  76 0078 13850400 		mv	a0,s1
  77 007c 97000000 		call	_ZN9Scheduler3putEP3TCB@plt
  77      E7800000 
  78              	.LVL5:
  79              	.LEHE1:
  80 0084 6F008002 		j	.L1
  81              	.L7:
  32:src/../h/tcb.hpp ****                     }),
  82              		.loc 2 32 39
  83 0088 93070000 		li	a5,0
  84 008c 6FF09FFD 		j	.L3
  85              	.L8:
  86 0090 13090500 		mv	s2,a0
  87              	.LVL6:
  88              	.LBE16:
  89              	.LBE15:
  90              		.loc 1 14 36
  91 0094 13850400 		mv	a0,s1
  92 0098 97000000 		call	_ZdlPv@plt
  92      E7800000 
  93              	.LVL7:
  94 00a0 13050900 		mv	a0,s2
  95              	.LEHB2:
  96 00a4 97000000 		call	_Unwind_Resume@plt
  96      E7800000 
  97              	.LVL8:
  98              	.LEHE2:
  99              	.L1:
  15:src/tcb.cpp   **** }
 100              		.loc 1 15 1
 101 00ac 13850400 		mv	a0,s1
 102 00b0 83308101 		ld	ra,24(sp)
 103              		.cfi_restore 1
 104 00b4 03340101 		ld	s0,16(sp)
 105              		.cfi_restore 8
 106              		.cfi_def_cfa 2, 32
 107 00b8 83348100 		ld	s1,8(sp)
 108              		.cfi_restore 9
GAS LISTING /tmp/ccBWhhPf.s 			page 4


 109              	.LVL9:
 110 00bc 03390100 		ld	s2,0(sp)
 111              		.cfi_restore 18
 112              	.LVL10:
 113 00c0 13010102 		addi	sp,sp,32
 114              		.cfi_def_cfa_offset 0
 115 00c4 67800000 		jr	ra
 116              		.cfi_endproc
 117              	.LFE35:
 118              		.globl	__gxx_personality_v0
 119              		.section	.gcc_except_table,"a",@progbits
 120              	.LLSDA35:
 121 0000 FF       		.byte	0xff
 122 0001 FF       		.byte	0xff
 123 0002 03       		.byte	0x3
 124 0003 27       		.byte	0x27
 125 0004 00000000 		.4byte	.LEHB0-.LFB35
 126 0008 00000000 		.4byte	.LEHE0-.LEHB0
 127 000c 00000000 		.4byte	0
 128 0010 00       		.byte	0
 129 0011 00000000 		.4byte	.LEHB1-.LFB35
 130 0015 00000000 		.4byte	.LEHE1-.LEHB1
 131 0019 00000000 		.4byte	.L8-.LFB35
 132 001d 00       		.byte	0
 133 001e 00000000 		.4byte	.LEHB2-.LFB35
 134 0022 00000000 		.4byte	.LEHE2-.LEHB2
 135 0026 00000000 		.4byte	0
 136 002a 00       		.byte	0
 137              		.text
 139              		.align	2
 140              		.globl	_ZN3TCB5yieldEv
 142              	_ZN3TCB5yieldEv:
 143              	.LFB36:
  16:src/tcb.cpp   **** 
  17:src/tcb.cpp   **** void TCB::yield()
  18:src/tcb.cpp   **** {
 144              		.loc 1 18 1 is_stmt 1
 145              		.cfi_startproc
 146 00c8 130101FF 		addi	sp,sp,-16
 147              		.cfi_def_cfa_offset 16
 148 00cc 23348100 		sd	s0,8(sp)
 149              		.cfi_offset 8, -8
 150 00d0 13040101 		addi	s0,sp,16
 151              		.cfi_def_cfa 8, 0
  19:src/tcb.cpp   ****     __asm__ volatile ("ecall");
 152              		.loc 1 19 5
 153              		.loc 1 19 31 is_stmt 0
 154              	#APP
 155              	# 19 "src/tcb.cpp" 1
  20              	}
 156              		ecall
 157              	# 0 "" 2
 158              		.loc 1 20 1
 159              	#NO_APP
 160 00d8 03348100 		ld	s0,8(sp)
 161              		.cfi_restore 8
 162              		.cfi_def_cfa 2, 16
GAS LISTING /tmp/ccBWhhPf.s 			page 5


 163 00dc 13010101 		addi	sp,sp,16
 164              		.cfi_def_cfa_offset 0
 165 00e0 67800000 		jr	ra
 166              		.cfi_endproc
 167              	.LFE36:
 169              		.align	2
 170              		.globl	_ZN3TCB13threadWrapperEv
 172              	_ZN3TCB13threadWrapperEv:
 173              	.LFB38:
  21:src/tcb.cpp   **** 
  22:src/tcb.cpp   **** void TCB::dispatch()
  23:src/tcb.cpp   **** {
  24:src/tcb.cpp   ****     TCB *old = running;
  25:src/tcb.cpp   ****     if (!old->isFinished()) { Scheduler::put(old); }
  26:src/tcb.cpp   ****     running = Scheduler::get();
  27:src/tcb.cpp   **** 
  28:src/tcb.cpp   ****     TCB::contextSwitch(&old->context, &running->context);
  29:src/tcb.cpp   **** }
  30:src/tcb.cpp   **** 
  31:src/tcb.cpp   **** void TCB::threadWrapper()
  32:src/tcb.cpp   **** {
 174              		.loc 1 32 1 is_stmt 1
 175              		.cfi_startproc
 176 00e4 130101FE 		addi	sp,sp,-32
 177              		.cfi_def_cfa_offset 32
 178 00e8 233C1100 		sd	ra,24(sp)
 179 00ec 23388100 		sd	s0,16(sp)
 180 00f0 23349100 		sd	s1,8(sp)
 181              		.cfi_offset 1, -8
 182              		.cfi_offset 8, -16
 183              		.cfi_offset 9, -24
 184 00f4 13040102 		addi	s0,sp,32
 185              		.cfi_def_cfa 8, 0
  33:src/tcb.cpp   ****     Kernel::popSppSpie();
 186              		.loc 1 33 5
 187              	.LBB17:
 188              	.LBB18:
 189              		.file 3 "src/../h/kernel.hpp"
   1:src/../h/kernel.hpp **** #ifndef KERNEL_HPP
   2:src/../h/kernel.hpp **** #define KERNEL_HPP
   3:src/../h/kernel.hpp **** 
   4:src/../h/kernel.hpp **** #include "../lib/hw.h"
   5:src/../h/kernel.hpp **** #include "../lib/console.h"
   6:src/../h/kernel.hpp **** class Kernel {
   7:src/../h/kernel.hpp **** public:
   8:src/../h/kernel.hpp ****     // entry point init
   9:src/../h/kernel.hpp ****     static void init();
  10:src/../h/kernel.hpp **** 
  11:src/../h/kernel.hpp ****     inline static void print_int(int xx, int base, int sgn)
  12:src/../h/kernel.hpp ****     {
  13:src/../h/kernel.hpp ****         char my_digits[] = "0123456789ABCDEF";
  14:src/../h/kernel.hpp ****         char buf[16];
  15:src/../h/kernel.hpp ****         int i, neg;
  16:src/../h/kernel.hpp ****         uint x;
  17:src/../h/kernel.hpp **** 
  18:src/../h/kernel.hpp ****         neg = 0;
  19:src/../h/kernel.hpp ****         if(sgn && xx < 0){
GAS LISTING /tmp/ccBWhhPf.s 			page 6


  20:src/../h/kernel.hpp ****             neg = 1;
  21:src/../h/kernel.hpp ****             x = -xx;
  22:src/../h/kernel.hpp ****         } else {
  23:src/../h/kernel.hpp ****             x = xx;
  24:src/../h/kernel.hpp ****         }
  25:src/../h/kernel.hpp **** 
  26:src/../h/kernel.hpp ****         i = 0;
  27:src/../h/kernel.hpp ****         do{
  28:src/../h/kernel.hpp ****             buf[i++] = my_digits[x % base];
  29:src/../h/kernel.hpp ****         }while((x /= base) != 0);
  30:src/../h/kernel.hpp ****         if(neg)
  31:src/../h/kernel.hpp ****             buf[i++] = '-';
  32:src/../h/kernel.hpp **** 
  33:src/../h/kernel.hpp ****         while(--i >= 0)
  34:src/../h/kernel.hpp ****             __putc(buf[i]);
  35:src/../h/kernel.hpp **** 
  36:src/../h/kernel.hpp ****     }
  37:src/../h/kernel.hpp **** 
  38:src/../h/kernel.hpp **** private:
  39:src/../h/kernel.hpp ****     static void supervisorTrapHandler();
  40:src/../h/kernel.hpp ****     static void supervisorTrap();
  41:src/../h/kernel.hpp **** public:
  42:src/../h/kernel.hpp ****     static inline uint64 r_scause() {
  43:src/../h/kernel.hpp ****         uint64 volatile x;
  44:src/../h/kernel.hpp ****         __asm__ volatile("csrr %0, scause" : "=r"(x));
  45:src/../h/kernel.hpp ****         return x;
  46:src/../h/kernel.hpp ****     }
  47:src/../h/kernel.hpp **** 
  48:src/../h/kernel.hpp ****     static inline uint64 r_a0() {
  49:src/../h/kernel.hpp ****         uint64 volatile x;
  50:src/../h/kernel.hpp ****         __asm__ volatile("mv %0, a0" : "=r"(x));
  51:src/../h/kernel.hpp ****         return x;
  52:src/../h/kernel.hpp ****     }
  53:src/../h/kernel.hpp **** 
  54:src/../h/kernel.hpp ****     static inline void w_scause(uint64 x) {
  55:src/../h/kernel.hpp ****         __asm__ volatile("csrw scause, %0" : : "r"(x));
  56:src/../h/kernel.hpp ****     }
  57:src/../h/kernel.hpp **** 
  58:src/../h/kernel.hpp ****     static inline uint64 r_sepc() {
  59:src/../h/kernel.hpp ****         uint64 volatile x;
  60:src/../h/kernel.hpp ****         __asm__ volatile("csrr %0, sepc" : "=r"(x));
  61:src/../h/kernel.hpp ****         return x;
  62:src/../h/kernel.hpp ****     }
  63:src/../h/kernel.hpp **** 
  64:src/../h/kernel.hpp ****     static inline void w_sepc(uint64 x) {
  65:src/../h/kernel.hpp ****         __asm__ volatile("csrw sepc, %0" : : "r"(x));
  66:src/../h/kernel.hpp ****     }
  67:src/../h/kernel.hpp **** 
  68:src/../h/kernel.hpp ****     static inline uint64 r_sstatus() {
  69:src/../h/kernel.hpp ****         uint64 volatile x;
  70:src/../h/kernel.hpp ****         __asm__ volatile("csrr %0, sstatus" : "=r"(x));
  71:src/../h/kernel.hpp ****         return x;
  72:src/../h/kernel.hpp ****     }
  73:src/../h/kernel.hpp **** 
  74:src/../h/kernel.hpp ****     static inline void w_sstatus(uint64 x) {
  75:src/../h/kernel.hpp ****         __asm__ volatile("csrw sstatus, %0" : : "r"(x));
  76:src/../h/kernel.hpp ****     }
GAS LISTING /tmp/ccBWhhPf.s 			page 7


  77:src/../h/kernel.hpp **** 
  78:src/../h/kernel.hpp ****     static inline void ms_sstatus(uint64 mask) {
  79:src/../h/kernel.hpp ****         __asm__ volatile("csrs sstatus, %0" : : "r"(mask));
  80:src/../h/kernel.hpp ****     }
  81:src/../h/kernel.hpp **** 
  82:src/../h/kernel.hpp ****     static inline void mc_sstatus(uint64 mask) {
  83:src/../h/kernel.hpp ****         __asm__ volatile("csrc sstatus, %0" : : "r"(mask));
  84:src/../h/kernel.hpp ****     }
  85:src/../h/kernel.hpp **** 
  86:src/../h/kernel.hpp ****     static inline uint64 r_sip() {
  87:src/../h/kernel.hpp ****         uint64 volatile x;
  88:src/../h/kernel.hpp ****         __asm__ volatile("csrr %0, sip" : "=r"(x));
  89:src/../h/kernel.hpp ****         return x;
  90:src/../h/kernel.hpp ****     }
  91:src/../h/kernel.hpp **** 
  92:src/../h/kernel.hpp ****     static inline void ms_sip(uint64 mask) {
  93:src/../h/kernel.hpp ****         __asm__ volatile("csrs sip, %0" : : "r"(mask));
  94:src/../h/kernel.hpp ****     }
  95:src/../h/kernel.hpp **** 
  96:src/../h/kernel.hpp ****     static inline void mc_sip(uint64 mask) {
  97:src/../h/kernel.hpp ****         __asm__ volatile("csrc sip, %0" : : "r"(mask));
  98:src/../h/kernel.hpp ****     }
  99:src/../h/kernel.hpp **** 
 100:src/../h/kernel.hpp ****     static inline uint64 r_stvec() {
 101:src/../h/kernel.hpp ****         uint64 volatile x;
 102:src/../h/kernel.hpp ****         __asm__ volatile("csrr %0, stvec" : "=r"(x));
 103:src/../h/kernel.hpp ****         return x;
 104:src/../h/kernel.hpp ****     }
 105:src/../h/kernel.hpp **** 
 106:src/../h/kernel.hpp ****     static inline void w_stvec(uint64 x) {
 107:src/../h/kernel.hpp ****         __asm__ volatile("csrw stvec, %0" : : "r"(x));
 108:src/../h/kernel.hpp ****     }
 109:src/../h/kernel.hpp **** 
 110:src/../h/kernel.hpp ****     static inline uint64 r_stval() {
 111:src/../h/kernel.hpp ****         uint64 volatile x;
 112:src/../h/kernel.hpp ****         __asm__ volatile("csrr %0, stval" : "=r"(x));
 113:src/../h/kernel.hpp ****         return x;
 114:src/../h/kernel.hpp ****     }
 115:src/../h/kernel.hpp **** 
 116:src/../h/kernel.hpp ****     static inline void w_stval(uint64 x) {
 117:src/../h/kernel.hpp ****         __asm__ volatile("csrw stval, %0" : : "r"(x));
 118:src/../h/kernel.hpp ****     }
 119:src/../h/kernel.hpp **** 
 120:src/../h/kernel.hpp ****     static inline void popSppSpie() {
 121:src/../h/kernel.hpp ****         mc_sstatus(SSTATUS_SPP);
 190              		.loc 3 121 9
 191              	.LVL11:
 192              	.LBB19:
 193              	.LBB20:
  83:src/../h/kernel.hpp ****     }
 194              		.loc 3 83 9
  83:src/../h/kernel.hpp ****     }
 195              		.loc 3 83 59 is_stmt 0
 196 00f8 93070010 		li	a5,256
 197              	#APP
 198              	# 83 "src/../h/kernel.hpp" 1
 199              		csrc sstatus, a5
GAS LISTING /tmp/ccBWhhPf.s 			page 8


 200              	# 0 "" 2
 201              	.LVL12:
 202              	#NO_APP
 203              	.LBE20:
 204              	.LBE19:
 122:src/../h/kernel.hpp ****         __asm__ volatile("sret");
 205              		.loc 3 122 9 is_stmt 1
 206              		.loc 3 122 33 is_stmt 0
 207              	#APP
 208              	# 122 "src/../h/kernel.hpp" 1
 123              	    }
 209              		sret
 210              	# 0 "" 2
 211              	#NO_APP
 212              	.LBE18:
 213              	.LBE17:
  34:src/tcb.cpp   ****     running->body();
 214              		.loc 1 34 5 is_stmt 1
 215              		.loc 1 34 14 is_stmt 0
 216 0104 97040000 		lla	s1,.LANCHOR0
 216      93840400 
 217 010c 83B70400 		ld	a5,0(s1)
 218 0110 83B70700 		ld	a5,0(a5)
 219              		.loc 1 34 18
 220 0114 E7800700 		jalr	a5
 221              	.LVL13:
  35:src/tcb.cpp   ****     running->setFinished(true);
 222              		.loc 1 35 5 is_stmt 1
 223              		.loc 1 35 25 is_stmt 0
 224 0118 83B70400 		ld	a5,0(s1)
 225              	.LVL14:
 226              	.LBB21:
 227              	.LBB22:
  15:src/../h/tcb.hpp **** 
 228              		.loc 2 15 36 is_stmt 1
  15:src/../h/tcb.hpp **** 
 229              		.loc 2 15 45 is_stmt 0
 230 011c 13071000 		li	a4,1
 231 0120 2384E702 		sb	a4,40(a5)
 232              	.LVL15:
 233              	.LBE22:
 234              	.LBE21:
  36:src/tcb.cpp   ****     TCB::yield();
 235              		.loc 1 36 5 is_stmt 1
 236              		.loc 1 36 15 is_stmt 0
 237 0124 97000000 		call	_ZN3TCB5yieldEv
 237      E7800000 
 238              	.LVL16:
  37:src/tcb.cpp   **** }
 239              		.loc 1 37 1
 240 012c 83308101 		ld	ra,24(sp)
 241              		.cfi_restore 1
 242 0130 03340101 		ld	s0,16(sp)
 243              		.cfi_restore 8
 244              		.cfi_def_cfa 2, 32
 245 0134 83348100 		ld	s1,8(sp)
 246              		.cfi_restore 9
GAS LISTING /tmp/ccBWhhPf.s 			page 9


 247 0138 13010102 		addi	sp,sp,32
 248              		.cfi_def_cfa_offset 0
 249 013c 67800000 		jr	ra
 250              		.cfi_endproc
 251              	.LFE38:
 253              		.align	2
 254              		.globl	_ZN3TCB8dispatchEv
 256              	_ZN3TCB8dispatchEv:
 257              	.LFB37:
  23:src/tcb.cpp   ****     TCB *old = running;
 258              		.loc 1 23 1 is_stmt 1
 259              		.cfi_startproc
 260 0140 130101FE 		addi	sp,sp,-32
 261              		.cfi_def_cfa_offset 32
 262 0144 233C1100 		sd	ra,24(sp)
 263 0148 23388100 		sd	s0,16(sp)
 264 014c 23349100 		sd	s1,8(sp)
 265              		.cfi_offset 1, -8
 266              		.cfi_offset 8, -16
 267              		.cfi_offset 9, -24
 268 0150 13040102 		addi	s0,sp,32
 269              		.cfi_def_cfa 8, 0
  24:src/tcb.cpp   ****     if (!old->isFinished()) { Scheduler::put(old); }
 270              		.loc 1 24 5
  24:src/tcb.cpp   ****     if (!old->isFinished()) { Scheduler::put(old); }
 271              		.loc 1 24 10 is_stmt 0
 272 0154 97040000 		ld	s1,.LANCHOR0
 272      83B40400 
 273              	.LVL17:
  25:src/tcb.cpp   ****     running = Scheduler::get();
 274              		.loc 1 25 5 is_stmt 1
 275              	.LBB23:
 276              	.LBB24:
  13:src/../h/tcb.hpp **** 
 277              		.loc 2 13 31
  13:src/../h/tcb.hpp **** 
 278              		.loc 2 13 38 is_stmt 0
 279 015c 83C78402 		lbu	a5,40(s1)
 280              	.LVL18:
 281              	.LBE24:
 282              	.LBE23:
  25:src/tcb.cpp   ****     running = Scheduler::get();
 283              		.loc 1 25 5
 284 0160 638C0702 		beqz	a5,.L17
 285              	.L15:
  26:src/tcb.cpp   **** 
 286              		.loc 1 26 5 is_stmt 1
  26:src/tcb.cpp   **** 
 287              		.loc 1 26 29 is_stmt 0
 288 0164 97000000 		call	_ZN9Scheduler3getEv@plt
 288      E7800000 
 289              	.LVL19:
  26:src/tcb.cpp   **** 
 290              		.loc 1 26 13
 291 016c 97070000 		sd	a0,.LANCHOR0,a5
 291      23B0A700 
  28:src/tcb.cpp   **** }
GAS LISTING /tmp/ccBWhhPf.s 			page 10


 292              		.loc 1 28 5 is_stmt 1
  28:src/tcb.cpp   **** }
 293              		.loc 1 28 23 is_stmt 0
 294 0174 93050501 		addi	a1,a0,16
 295 0178 13850401 		addi	a0,s1,16
 296 017c 97000000 		call	_ZN3TCB13contextSwitchEPNS_7ContextES1_@plt
 296      E7800000 
 297              	.LVL20:
  29:src/tcb.cpp   **** 
 298              		.loc 1 29 1
 299 0184 83308101 		ld	ra,24(sp)
 300              		.cfi_remember_state
 301              		.cfi_restore 1
 302 0188 03340101 		ld	s0,16(sp)
 303              		.cfi_restore 8
 304              		.cfi_def_cfa 2, 32
 305 018c 83348100 		ld	s1,8(sp)
 306              		.cfi_restore 9
 307              	.LVL21:
 308 0190 13010102 		addi	sp,sp,32
 309              		.cfi_def_cfa_offset 0
 310 0194 67800000 		jr	ra
 311              	.LVL22:
 312              	.L17:
 313              		.cfi_restore_state
  25:src/tcb.cpp   ****     running = Scheduler::get();
 314              		.loc 1 25 31 is_stmt 1 discriminator 1
  25:src/tcb.cpp   ****     running = Scheduler::get();
 315              		.loc 1 25 45 is_stmt 0 discriminator 1
 316 0198 13850400 		mv	a0,s1
 317 019c 97000000 		call	_ZN9Scheduler3putEP3TCB@plt
 317      E7800000 
 318              	.LVL23:
 319 01a4 6FF01FFC 		j	.L15
 320              		.cfi_endproc
 321              	.LFE37:
 323              		.globl	_ZN3TCB16timeSliceCounterE
 324              		.globl	_ZN3TCB7runningE
 325              		.bss
 326              		.align	3
 327              		.set	.LANCHOR0,. + 0
 330              	_ZN3TCB7runningE:
 331 0000 00000000 		.zero	8
 331      00000000 
 334              	_ZN3TCB16timeSliceCounterE:
 335 0008 00000000 		.zero	8
 335      00000000 
 336              		.text
 337              	.Letext0:
 338              		.file 4 "src/../h/../lib/hw.h"
 339              		.file 5 "src/../h/scheduler.hpp"
 2570              		.align	3
 2573              	DW.ref.__gxx_personality_v0:
 2574 0000 00000000 		.dword	__gxx_personality_v0
 2574      00000000 
 2575              		.ident	"GCC: (Ubuntu 9.4.0-1ubuntu1~20.04) 9.4.0"
 2576              		.section	.note.GNU-stack,"",@progbits
GAS LISTING /tmp/ccBWhhPf.s 			page 11


GAS LISTING /tmp/ccBWhhPf.s 			page 12


DEFINED SYMBOLS
                            *ABS*:0000000000000000 tcb.cpp
     /tmp/ccBWhhPf.s:9      .text:0000000000000000 _ZN3TCB12createThreadEPFvvE
     /tmp/ccBWhhPf.s:13     .text:0000000000000000 .L0 
     /tmp/ccBWhhPf.s:2573   .data.rel.local.DW.ref.__gxx_personality_v0:0000000000000000 DW.ref.__gxx_personality_v0
     /tmp/ccBWhhPf.s:17     .text:0000000000000000 .L0 
     /tmp/ccBWhhPf.s:18     .text:0000000000000004 .L0 
     /tmp/ccBWhhPf.s:23     .text:0000000000000014 .L0 
     /tmp/ccBWhhPf.s:24     .text:0000000000000014 .L0 
     /tmp/ccBWhhPf.s:25     .text:0000000000000014 .L0 
     /tmp/ccBWhhPf.s:26     .text:0000000000000014 .L0 
     /tmp/ccBWhhPf.s:28     .text:0000000000000018 .L0 
     /tmp/ccBWhhPf.s:31     .text:000000000000001c .L0 
     /tmp/ccBWhhPf.s:32     .text:000000000000001c .L0 
     /tmp/ccBWhhPf.s:44     .text:000000000000002c .L0 
     /tmp/ccBWhhPf.s:46     .text:0000000000000030 .L0 
     /tmp/ccBWhhPf.s:48     .text:0000000000000034 .L0 
     /tmp/ccBWhhPf.s:55     .text:0000000000000044 .L0 
     /tmp/ccBWhhPf.s:58     .text:0000000000000048 .L0 
     /tmp/ccBWhhPf.s:172    .text:00000000000000e4 _ZN3TCB13threadWrapperEv
     /tmp/ccBWhhPf.s:62     .text:0000000000000058 .L0 
     /tmp/ccBWhhPf.s:64     .text:000000000000005c .L0 
     /tmp/ccBWhhPf.s:68     .text:0000000000000064 .L0 
     /tmp/ccBWhhPf.s:73     .text:0000000000000074 .L0 
     /tmp/ccBWhhPf.s:75     .text:0000000000000078 .L0 
     /tmp/ccBWhhPf.s:76     .text:0000000000000078 .L0 
     /tmp/ccBWhhPf.s:83     .text:0000000000000088 .L0 
     /tmp/ccBWhhPf.s:91     .text:0000000000000094 .L0 
     /tmp/ccBWhhPf.s:101    .text:00000000000000ac .L0 
     /tmp/ccBWhhPf.s:103    .text:00000000000000b4 .L0 
     /tmp/ccBWhhPf.s:105    .text:00000000000000b8 .L0 
     /tmp/ccBWhhPf.s:106    .text:00000000000000b8 .L0 
     /tmp/ccBWhhPf.s:108    .text:00000000000000bc .L0 
     /tmp/ccBWhhPf.s:111    .text:00000000000000c0 .L0 
     /tmp/ccBWhhPf.s:114    .text:00000000000000c4 .L0 
     /tmp/ccBWhhPf.s:116    .text:00000000000000c8 .L0 
     /tmp/ccBWhhPf.s:142    .text:00000000000000c8 _ZN3TCB5yieldEv
     /tmp/ccBWhhPf.s:145    .text:00000000000000c8 .L0 
     /tmp/ccBWhhPf.s:146    .text:00000000000000c8 .L0 
     /tmp/ccBWhhPf.s:147    .text:00000000000000cc .L0 
     /tmp/ccBWhhPf.s:149    .text:00000000000000d0 .L0 
     /tmp/ccBWhhPf.s:151    .text:00000000000000d4 .L0 
     /tmp/ccBWhhPf.s:153    .text:00000000000000d4 .L0 
         src/tcb.cpp:19     .text:00000000000000d4 .L0 
     /tmp/ccBWhhPf.s:160    .text:00000000000000d8 .L0 
     /tmp/ccBWhhPf.s:161    .text:00000000000000dc .L0 
     /tmp/ccBWhhPf.s:162    .text:00000000000000dc .L0 
     /tmp/ccBWhhPf.s:164    .text:00000000000000e0 .L0 
     /tmp/ccBWhhPf.s:166    .text:00000000000000e4 .L0 
     /tmp/ccBWhhPf.s:175    .text:00000000000000e4 .L0 
     /tmp/ccBWhhPf.s:176    .text:00000000000000e4 .L0 
     /tmp/ccBWhhPf.s:177    .text:00000000000000e8 .L0 
     /tmp/ccBWhhPf.s:181    .text:00000000000000f4 .L0 
     /tmp/ccBWhhPf.s:182    .text:00000000000000f4 .L0 
     /tmp/ccBWhhPf.s:183    .text:00000000000000f4 .L0 
     /tmp/ccBWhhPf.s:185    .text:00000000000000f8 .L0 
     /tmp/ccBWhhPf.s:190    .text:00000000000000f8 .L0 
GAS LISTING /tmp/ccBWhhPf.s 			page 13


     /tmp/ccBWhhPf.s:194    .text:00000000000000f8 .L0 
     /tmp/ccBWhhPf.s:195    .text:00000000000000f8 .L0 
     /tmp/ccBWhhPf.s:196    .text:00000000000000f8 .L0 
     /tmp/ccBWhhPf.s:206    .text:0000000000000100 .L0 
 src/../h/kernel.hpp:122    .text:0000000000000100 .L0 
     /tmp/ccBWhhPf.s:215    .text:0000000000000104 .L0 
     /tmp/ccBWhhPf.s:216    .text:0000000000000104 .L0 
     /tmp/ccBWhhPf.s:220    .text:0000000000000114 .L0 
     /tmp/ccBWhhPf.s:223    .text:0000000000000118 .L0 
     /tmp/ccBWhhPf.s:224    .text:0000000000000118 .L0 
     /tmp/ccBWhhPf.s:229    .text:000000000000011c .L0 
     /tmp/ccBWhhPf.s:230    .text:000000000000011c .L0 
     /tmp/ccBWhhPf.s:236    .text:0000000000000124 .L0 
     /tmp/ccBWhhPf.s:237    .text:0000000000000124 .L0 
     /tmp/ccBWhhPf.s:240    .text:000000000000012c .L0 
     /tmp/ccBWhhPf.s:241    .text:0000000000000130 .L0 
     /tmp/ccBWhhPf.s:243    .text:0000000000000134 .L0 
     /tmp/ccBWhhPf.s:244    .text:0000000000000134 .L0 
     /tmp/ccBWhhPf.s:246    .text:0000000000000138 .L0 
     /tmp/ccBWhhPf.s:248    .text:000000000000013c .L0 
     /tmp/ccBWhhPf.s:250    .text:0000000000000140 .L0 
     /tmp/ccBWhhPf.s:256    .text:0000000000000140 _ZN3TCB8dispatchEv
     /tmp/ccBWhhPf.s:259    .text:0000000000000140 .L0 
     /tmp/ccBWhhPf.s:260    .text:0000000000000140 .L0 
     /tmp/ccBWhhPf.s:261    .text:0000000000000144 .L0 
     /tmp/ccBWhhPf.s:265    .text:0000000000000150 .L0 
     /tmp/ccBWhhPf.s:266    .text:0000000000000150 .L0 
     /tmp/ccBWhhPf.s:267    .text:0000000000000150 .L0 
     /tmp/ccBWhhPf.s:269    .text:0000000000000154 .L0 
     /tmp/ccBWhhPf.s:271    .text:0000000000000154 .L0 
     /tmp/ccBWhhPf.s:272    .text:0000000000000154 .L0 
     /tmp/ccBWhhPf.s:277    .text:000000000000015c .L0 
     /tmp/ccBWhhPf.s:278    .text:000000000000015c .L0 
     /tmp/ccBWhhPf.s:279    .text:000000000000015c .L0 
     /tmp/ccBWhhPf.s:284    .text:0000000000000160 .L0 
     /tmp/ccBWhhPf.s:287    .text:0000000000000164 .L0 
     /tmp/ccBWhhPf.s:288    .text:0000000000000164 .L0 
     /tmp/ccBWhhPf.s:291    .text:000000000000016c .L0 
     /tmp/ccBWhhPf.s:293    .text:0000000000000174 .L0 
     /tmp/ccBWhhPf.s:294    .text:0000000000000174 .L0 
     /tmp/ccBWhhPf.s:299    .text:0000000000000184 .L0 
     /tmp/ccBWhhPf.s:300    .text:0000000000000188 .L0 
     /tmp/ccBWhhPf.s:301    .text:0000000000000188 .L0 
     /tmp/ccBWhhPf.s:303    .text:000000000000018c .L0 
     /tmp/ccBWhhPf.s:304    .text:000000000000018c .L0 
     /tmp/ccBWhhPf.s:306    .text:0000000000000190 .L0 
     /tmp/ccBWhhPf.s:309    .text:0000000000000194 .L0 
     /tmp/ccBWhhPf.s:313    .text:0000000000000198 .L0 
     /tmp/ccBWhhPf.s:315    .text:0000000000000198 .L0 
     /tmp/ccBWhhPf.s:316    .text:0000000000000198 .L0 
     /tmp/ccBWhhPf.s:320    .text:00000000000001a8 .L0 
     /tmp/ccBWhhPf.s:334    .bss:0000000000000008 _ZN3TCB16timeSliceCounterE
     /tmp/ccBWhhPf.s:330    .bss:0000000000000000 _ZN3TCB7runningE
     /tmp/ccBWhhPf.s:327    .bss:0000000000000000 .LANCHOR0
     /tmp/ccBWhhPf.s:340    .text:00000000000001a8 .L0 
     /tmp/ccBWhhPf.s:59     .text:000000000000004c .L0 
     /tmp/ccBWhhPf.s:216    .text:0000000000000104 .L0 
GAS LISTING /tmp/ccBWhhPf.s 			page 14


     /tmp/ccBWhhPf.s:272    .text:0000000000000154 .L0 
     /tmp/ccBWhhPf.s:291    .text:000000000000016c .L0 
     /tmp/ccBWhhPf.s:53     .text:0000000000000044 .L6
     /tmp/ccBWhhPf.s:56     .text:0000000000000048 .L2
     /tmp/ccBWhhPf.s:81     .text:0000000000000088 .L7
     /tmp/ccBWhhPf.s:99     .text:00000000000000ac .L1
     /tmp/ccBWhhPf.s:66     .text:0000000000000064 .L3
     /tmp/ccBWhhPf.s:312    .text:0000000000000198 .L17
     /tmp/ccBWhhPf.s:285    .text:0000000000000164 .L15
     /tmp/ccBWhhPf.s:34     .text:0000000000000020 .LEHB0
     /tmp/ccBWhhPf.s:10     .text:0000000000000000 .LFB35
     /tmp/ccBWhhPf.s:37     .text:0000000000000028 .LEHE0
     /tmp/ccBWhhPf.s:49     .text:0000000000000038 .LEHB1
     /tmp/ccBWhhPf.s:79     .text:0000000000000084 .LEHE1
     /tmp/ccBWhhPf.s:85     .text:0000000000000090 .L8
     /tmp/ccBWhhPf.s:95     .text:00000000000000a4 .LEHB2
     /tmp/ccBWhhPf.s:98     .text:00000000000000ac .LEHE2
     /tmp/ccBWhhPf.s:1265   .debug_abbrev:0000000000000000 .Ldebug_abbrev0
     /tmp/ccBWhhPf.s:2537   .debug_str:00000000000005e4 .LASF104
     /tmp/ccBWhhPf.s:2445   .debug_str:0000000000000361 .LASF105
     /tmp/ccBWhhPf.s:2429   .debug_str:00000000000002c2 .LASF106
     /tmp/ccBWhhPf.s:5      .text:0000000000000000 .Ltext0
     /tmp/ccBWhhPf.s:337    .text:00000000000001a8 .Letext0
     /tmp/ccBWhhPf.s:2331   .debug_line:0000000000000000 .Ldebug_line0
     /tmp/ccBWhhPf.s:2465   .debug_str:00000000000003fa .LASF0
     /tmp/ccBWhhPf.s:2479   .debug_str:000000000000045a .LASF1
     /tmp/ccBWhhPf.s:2451   .debug_str:000000000000038d .LASF2
     /tmp/ccBWhhPf.s:2419   .debug_str:000000000000029a .LASF4
     /tmp/ccBWhhPf.s:2517   .debug_str:0000000000000570 .LASF3
     /tmp/ccBWhhPf.s:2355   .debug_str:00000000000000b1 .LASF5
     /tmp/ccBWhhPf.s:2481   .debug_str:000000000000046d .LASF6
     /tmp/ccBWhhPf.s:2463   .debug_str:00000000000003e7 .LASF7
     /tmp/ccBWhhPf.s:2543   .debug_str:00000000000006cb .LASF8
     /tmp/ccBWhhPf.s:2405   .debug_str:0000000000000202 .LASF9
     /tmp/ccBWhhPf.s:2493   .debug_str:00000000000004c4 .LASF10
     /tmp/ccBWhhPf.s:2539   .debug_str:00000000000006a8 .LASF11
     /tmp/ccBWhhPf.s:2359   .debug_str:00000000000000c4 .LASF12
     /tmp/ccBWhhPf.s:2337   .debug_str:0000000000000012 .LASF13
     /tmp/ccBWhhPf.s:2367   .debug_str:0000000000000103 .LASF14
     /tmp/ccBWhhPf.s:2509   .debug_str:0000000000000546 .LASF15
     /tmp/ccBWhhPf.s:2377   .debug_str:000000000000014d .LASF16
     /tmp/ccBWhhPf.s:2489   .debug_str:00000000000004a1 .LASF17
     /tmp/ccBWhhPf.s:2397   .debug_str:00000000000001cc .LASF38
     /tmp/ccBWhhPf.s:2415   .debug_str:000000000000025e .LASF107
     /tmp/ccBWhhPf.s:2363   .debug_str:00000000000000e1 .LASF108
     /tmp/ccBWhhPf.s:2439   .debug_str:0000000000000335 .LASF109
     /tmp/ccBWhhPf.s:2341   .debug_str:000000000000002b .LASF110
     /tmp/ccBWhhPf.s:2385   .debug_str:0000000000000196 .LASF18
     /tmp/ccBWhhPf.s:2503   .debug_str:000000000000052e .LASF20
     /tmp/ccBWhhPf.s:2483   .debug_str:0000000000000480 .LASF22
     /tmp/ccBWhhPf.s:2403   .debug_str:00000000000001eb .LASF24
     /tmp/ccBWhhPf.s:2453   .debug_str:000000000000039b .LASF19
     /tmp/ccBWhhPf.s:2563   .debug_str:000000000000076d .LASF21
     /tmp/ccBWhhPf.s:2441   .debug_str:000000000000033f .LASF23
     /tmp/ccBWhhPf.s:2353   .debug_str:0000000000000098 .LASF25
     /tmp/ccBWhhPf.s:2431   .debug_str:00000000000002fa .LASF26
     /tmp/ccBWhhPf.s:2495   .debug_str:00000000000004d3 .LASF27
GAS LISTING /tmp/ccBWhhPf.s 			page 15


     /tmp/ccBWhhPf.s:2505   .debug_str:000000000000053a .LASF111
     /tmp/ccBWhhPf.s:2511   .debug_str:000000000000055c .LASF47
     /tmp/ccBWhhPf.s:2457   .debug_str:00000000000003b1 .LASF49
     /tmp/ccBWhhPf.s:2389   .debug_str:00000000000001a4 .LASF112
     /tmp/ccBWhhPf.s:2527   .debug_str:00000000000005b4 .LASF113
     /tmp/ccBWhhPf.s:2423   .debug_str:00000000000002aa .LASF28
     /tmp/ccBWhhPf.s:2469   .debug_str:0000000000000410 .LASF29
     /tmp/ccBWhhPf.s:2427   .debug_str:00000000000002ba .LASF30
     /tmp/ccBWhhPf.s:2477   .debug_str:0000000000000450 .LASF31
     /tmp/ccBWhhPf.s:2421   .debug_str:00000000000002a1 .LASF32
     /tmp/ccBWhhPf.s:2437   .debug_str:0000000000000327 .LASF34
     /tmp/ccBWhhPf.s:2409   .debug_str:0000000000000225 .LASF36
     /tmp/ccBWhhPf.s:2547   .debug_str:00000000000006f3 .LASF33
     /tmp/ccBWhhPf.s:2417   .debug_str:0000000000000272 .LASF114
     /tmp/ccBWhhPf.s:2467   .debug_str:0000000000000407 .LASF35
     /tmp/ccBWhhPf.s:2393   .debug_str:00000000000001b4 .LASF37
     /tmp/ccBWhhPf.s:2519   .debug_str:0000000000000582 .LASF39
     /tmp/ccBWhhPf.s:2435   .debug_str:000000000000031c .LASF40
     /tmp/ccBWhhPf.s:2411   .debug_str:000000000000023e .LASF41
     /tmp/ccBWhhPf.s:2395   .debug_str:00000000000001c7 .LASF42
     /tmp/ccBWhhPf.s:2551   .debug_str:000000000000071a .LASF43
     /tmp/ccBWhhPf.s:2371   .debug_str:000000000000011f .LASF115
     /tmp/ccBWhhPf.s:2373   .debug_str:000000000000012b .LASF44
     /tmp/ccBWhhPf.s:2553   .debug_str:0000000000000721 .LASF45
     /tmp/ccBWhhPf.s:2357   .debug_str:00000000000000b8 .LASF46
     /tmp/ccBWhhPf.s:2485   .debug_str:000000000000048b .LASF48
     /tmp/ccBWhhPf.s:2345   .debug_str:0000000000000047 .LASF50
     /tmp/ccBWhhPf.s:2333   .debug_str:0000000000000000 .LASF51
     /tmp/ccBWhhPf.s:2557   .debug_str:0000000000000733 .LASF61
     /tmp/ccBWhhPf.s:2561   .debug_str:0000000000000757 .LASF52
     /tmp/ccBWhhPf.s:2497   .debug_str:00000000000004ef .LASF53
     /tmp/ccBWhhPf.s:2525   .debug_str:00000000000005a5 .LASF54
     /tmp/ccBWhhPf.s:2351   .debug_str:000000000000007b .LASF55
     /tmp/ccBWhhPf.s:2339   .debug_str:0000000000000022 .LASF56
     /tmp/ccBWhhPf.s:2383   .debug_str:0000000000000180 .LASF58
     /tmp/ccBWhhPf.s:2533   .debug_str:00000000000005da .LASF57
     /tmp/ccBWhhPf.s:2459   .debug_str:00000000000003c1 .LASF59
     /tmp/ccBWhhPf.s:2387   .debug_str:000000000000019b .LASF60
     /tmp/ccBWhhPf.s:2375   .debug_str:0000000000000137 .LASF62
     /tmp/ccBWhhPf.s:2521   .debug_str:0000000000000593 .LASF63
     /tmp/ccBWhhPf.s:2461   .debug_str:00000000000003d3 .LASF64
     /tmp/ccBWhhPf.s:2507   .debug_str:000000000000053f .LASF65
     /tmp/ccBWhhPf.s:2343   .debug_str:0000000000000033 .LASF66
     /tmp/ccBWhhPf.s:2365   .debug_str:00000000000000f9 .LASF67
     /tmp/ccBWhhPf.s:2381   .debug_str:0000000000000169 .LASF68
     /tmp/ccBWhhPf.s:2455   .debug_str:00000000000003a7 .LASF69
     /tmp/ccBWhhPf.s:2475   .debug_str:0000000000000439 .LASF70
     /tmp/ccBWhhPf.s:2559   .debug_str:000000000000074c .LASF71
     /tmp/ccBWhhPf.s:2447   .debug_str:000000000000036d .LASF72
     /tmp/ccBWhhPf.s:2425   .debug_str:00000000000002af .LASF73
     /tmp/ccBWhhPf.s:2549   .debug_str:0000000000000701 .LASF74
     /tmp/ccBWhhPf.s:2401   .debug_str:00000000000001e5 .LASF75
     /tmp/ccBWhhPf.s:2473   .debug_str:0000000000000426 .LASF76
     /tmp/ccBWhhPf.s:2499   .debug_str:0000000000000513 .LASF77
     /tmp/ccBWhhPf.s:2541   .debug_str:00000000000006b7 .LASF78
     /tmp/ccBWhhPf.s:2347   .debug_str:0000000000000059 .LASF79
     /tmp/ccBWhhPf.s:2501   .debug_str:000000000000051a .LASF80
GAS LISTING /tmp/ccBWhhPf.s 			page 16


     /tmp/ccBWhhPf.s:2399   .debug_str:00000000000001dd .LASF81
     /tmp/ccBWhhPf.s:2413   .debug_str:0000000000000249 .LASF82
     /tmp/ccBWhhPf.s:2335   .debug_str:000000000000000a .LASF83
     /tmp/ccBWhhPf.s:2433   .debug_str:0000000000000307 .LASF84
     /tmp/ccBWhhPf.s:2391   .debug_str:00000000000001ac .LASF85
     /tmp/ccBWhhPf.s:2443   .debug_str:000000000000034c .LASF86
     /tmp/ccBWhhPf.s:2513   .debug_str:0000000000000562 .LASF87
     /tmp/ccBWhhPf.s:2407   .debug_str:0000000000000210 .LASF88
     /tmp/ccBWhhPf.s:2523   .debug_str:000000000000059a .LASF89
     /tmp/ccBWhhPf.s:2491   .debug_str:00000000000004ab .LASF90
     /tmp/ccBWhhPf.s:2565   .debug_str:0000000000000784 .LASF91
     /tmp/ccBWhhPf.s:2349   .debug_str:0000000000000060 .LASF92
     /tmp/ccBWhhPf.s:173    .text:00000000000000e4 .LFB38
     /tmp/ccBWhhPf.s:251    .text:0000000000000140 .LFE38
     /tmp/ccBWhhPf.s:187    .text:00000000000000f8 .LBB17
     /tmp/ccBWhhPf.s:213    .text:0000000000000104 .LBE17
     /tmp/ccBWhhPf.s:192    .text:00000000000000f8 .LBB19
     /tmp/ccBWhhPf.s:204    .text:0000000000000100 .LBE19
     /tmp/ccBWhhPf.s:2211   .debug_loc:0000000000000000 .LLST3
     /tmp/ccBWhhPf.s:226    .text:000000000000011c .LBB21
     /tmp/ccBWhhPf.s:234    .text:0000000000000124 .LBE21
     /tmp/ccBWhhPf.s:2220   .debug_loc:0000000000000026 .LLST4
     /tmp/ccBWhhPf.s:2228   .debug_loc:000000000000004a .LLST5
     /tmp/ccBWhhPf.s:238    .text:000000000000012c .LVL16
     /tmp/ccBWhhPf.s:257    .text:0000000000000140 .LFB37
     /tmp/ccBWhhPf.s:321    .text:00000000000001a8 .LFE37
     /tmp/ccBWhhPf.s:2235   .debug_loc:000000000000006d .LLST6
     /tmp/ccBWhhPf.s:275    .text:000000000000015c .LBB23
     /tmp/ccBWhhPf.s:282    .text:0000000000000160 .LBE23
     /tmp/ccBWhhPf.s:2246   .debug_loc:00000000000000a3 .LLST7
     /tmp/ccBWhhPf.s:289    .text:000000000000016c .LVL19
     /tmp/ccBWhhPf.s:297    .text:0000000000000184 .LVL20
     /tmp/ccBWhhPf.s:318    .text:00000000000001a4 .LVL23
     /tmp/ccBWhhPf.s:143    .text:00000000000000c8 .LFB36
     /tmp/ccBWhhPf.s:167    .text:00000000000000e4 .LFE36
     /tmp/ccBWhhPf.s:117    .text:00000000000000c8 .LFE35
     /tmp/ccBWhhPf.s:2253   .debug_loc:00000000000000c6 .LLST0
     /tmp/ccBWhhPf.s:40     .text:000000000000002c .LBB15
     /tmp/ccBWhhPf.s:89     .text:0000000000000094 .LBE15
     /tmp/ccBWhhPf.s:2282   .debug_loc:000000000000013b .LLST1
     /tmp/ccBWhhPf.s:2307   .debug_loc:000000000000019d .LLST2
     /tmp/ccBWhhPf.s:51     .text:0000000000000040 .LVL4
     /tmp/ccBWhhPf.s:78     .text:0000000000000084 .LVL5
     /tmp/ccBWhhPf.s:36     .text:0000000000000028 .LVL2
     /tmp/ccBWhhPf.s:93     .text:00000000000000a0 .LVL7
     /tmp/ccBWhhPf.s:97     .text:00000000000000ac .LVL8
     /tmp/ccBWhhPf.s:2535   .debug_str:00000000000005df .LASF93
     /tmp/ccBWhhPf.s:2555   .debug_str:000000000000072e .LASF94
     /tmp/ccBWhhPf.s:2487   .debug_str:0000000000000490 .LASF116
     /tmp/ccBWhhPf.s:2379   .debug_str:0000000000000163 .LASF95
     /tmp/ccBWhhPf.s:2529   .debug_str:00000000000005c5 .LASF96
     /tmp/ccBWhhPf.s:2471   .debug_str:0000000000000416 .LASF98
     /tmp/ccBWhhPf.s:2515   .debug_str:000000000000056a .LASF97
     /tmp/ccBWhhPf.s:2361   .debug_str:00000000000000d4 .LASF99
     /tmp/ccBWhhPf.s:2449   .debug_str:0000000000000386 .LASF100
     /tmp/ccBWhhPf.s:2369   .debug_str:000000000000010f .LASF101
     /tmp/ccBWhhPf.s:2531   .debug_str:00000000000005cb .LASF102
GAS LISTING /tmp/ccBWhhPf.s 			page 17


     /tmp/ccBWhhPf.s:2545   .debug_str:00000000000006db .LASF103
     /tmp/ccBWhhPf.s:191    .text:00000000000000f8 .LVL11
     /tmp/ccBWhhPf.s:201    .text:0000000000000100 .LVL12
     /tmp/ccBWhhPf.s:225    .text:000000000000011c .LVL14
     /tmp/ccBWhhPf.s:232    .text:0000000000000124 .LVL15
     /tmp/ccBWhhPf.s:273    .text:000000000000015c .LVL17
     /tmp/ccBWhhPf.s:307    .text:0000000000000190 .LVL21
     /tmp/ccBWhhPf.s:311    .text:0000000000000198 .LVL22
     /tmp/ccBWhhPf.s:280    .text:0000000000000160 .LVL18
     /tmp/ccBWhhPf.s:16     .text:0000000000000000 .LVL0
     /tmp/ccBWhhPf.s:33     .text:0000000000000020 .LVL1
     /tmp/ccBWhhPf.s:87     .text:0000000000000094 .LVL6
     /tmp/ccBWhhPf.s:112    .text:00000000000000c0 .LVL10
     /tmp/ccBWhhPf.s:39     .text:000000000000002c .LVL3
     /tmp/ccBWhhPf.s:109    .text:00000000000000bc .LVL9
     /tmp/ccBWhhPf.s:341    .debug_info:0000000000000000 .Ldebug_info0
     /tmp/ccBWhhPf.s:120    .gcc_except_table:0000000000000000 .LLSDA35

UNDEFINED SYMBOLS
_Znwm
_Znam
_ZN9Scheduler3putEP3TCB
_ZdlPv
_Unwind_Resume
__gxx_personality_v0
_ZN9Scheduler3getEv
_ZN3TCB13contextSwitchEPNS_7ContextES1_
